# JRE version: OpenJDK Runtime Environment Temurin-21.0.10+7 (21.0.10+7) (build 21.0.10+7-LTS)
# Java VM: OpenJDK 64-Bit Server VM Temurin-21.0.10+7 (21.0.10+7-LTS, mixed mode, sharing, tiered, compressed oops, compressed class ptrs, g1 gc, windows-amd64)
GC Precious Log:
 CardTable entry size: 512
 Card Set container configuration: InlinePtr #cards 5 size 8 Array Of Cards #cards 12 size 40 Howl #buckets 4 coarsen threshold 1843 Howl Bitmap #cards 512 size 80 coarsen threshold 460 Card regions per heap region 1 cards per card region 2048
 CPUs: 16 total, 16 available
 Memory: 16068M
 Large Page Support: Disabled
 NUMA Support: Disabled
 Compressed Oops: Enabled (32-bit)
 Heap Region Size: 1M
 Heap Min Capacity: 8M
 Heap Initial Capacity: 252M
 Heap Max Capacity: 2G
 Pre-touch: Disabled
 Parallel Workers: 13
 Concurrent Workers: 3
 Concurrent Refinement Workers: 13
 Periodic GC: Disabled
Heap:
 garbage-first heap   total 143360K, used 113302K [0x0000000080000000, 0x0000000100000000)
  region size 1024K, 26 young (26624K), 6 survivors (6144K)
 Metaspace       used 80769K, committed 82816K, reserved 1179648K
  class space    used 11328K, committed 12352K, reserved 1048576K
GC Heap History (20 events):
Event: 11.302 GC heap before
{Heap before GC invocations=18 (full 0):
 garbage-first heap   total 120832K, used 112071K [0x0000000080000000, 0x0000000100000000)
  region size 1024K, 56 young (57344K), 3 survivors (3072K)
 Metaspace       used 58326K, committed 60224K, reserved 1114112K
  class space    used 8357K, committed 9280K, reserved 1048576K
}
Event: 11.308 GC heap after
{Heap after GC invocations=19 (full 0):
 garbage-first heap   total 121856K, used 61903K [0x0000000080000000, 0x0000000100000000)
  region size 1024K, 7 young (7168K), 7 survivors (7168K)
 Metaspace       used 58326K, committed 60224K, reserved 1114112K
  class space    used 8357K, committed 9280K, reserved 1048576K
}
Event: 11.316 GC heap before
{Heap before GC invocations=19 (full 0):
 garbage-first heap   total 121856K, used 61903K [0x0000000080000000, 0x0000000100000000)
  region size 1024K, 8 young (8192K), 7 survivors (7168K)
 Metaspace       used 58357K, committed 60224K, reserved 1114112K
  class space    used 8361K, committed 9280K, reserved 1048576K
}
Event: 11.320 GC heap after
{Heap after GC invocations=20 (full 0):
 garbage-first heap   total 121856K, used 62550K [0x0000000080000000, 0x0000000100000000)
  region size 1024K, 1 young (1024K), 1 survivors (1024K)
 Metaspace       used 58357K, committed 60224K, reserved 1114112K
  class space    used 8361K, committed 9280K, reserved 1048576K
}
Event: 12.029 GC heap before
{Heap before GC invocations=21 (full 0):
 garbage-first heap   total 121856K, used 115798K [0x0000000080000000, 0x0000000100000000)
  region size 1024K, 46 young (47104K), 1 survivors (1024K)
 Metaspace       used 61536K, committed 63488K, reserved 1114112K
  class space    used 8742K, committed 9728K, reserved 1048576K
}
Event: 12.032 GC heap after
{Heap after GC invocations=22 (full 0):
 garbage-first heap   total 123904K, used 75776K [0x0000000080000000, 0x0000000100000000)
  region size 1024K, 6 young (6144K), 6 survivors (6144K)
 Metaspace       used 61536K, committed 63488K, reserved 1114112K
  class space    used 8742K, committed 9728K, reserved 1048576K
}
Event: 12.716 GC heap before
{Heap before GC invocations=22 (full 0):
 garbage-first heap   total 123904K, used 112640K [0x0000000080000000, 0x0000000100000000)
  region size 1024K, 43 young (44032K), 6 survivors (6144K)
 Metaspace       used 65368K, committed 67392K, reserved 1114112K
  class space    used 9270K, committed 10240K, reserved 1048576K
}
Event: 12.721 GC heap after
{Heap after GC invocations=23 (full 0):
 garbage-first heap   total 123904K, used 75878K [0x0000000080000000, 0x0000000100000000)
  region size 1024K, 2 young (2048K), 2 survivors (2048K)
 Metaspace       used 65368K, committed 67392K, reserved 1114112K
  class space    used 9270K, committed 10240K, reserved 1048576K
}
Event: 12.886 GC heap before
{Heap before GC invocations=23 (full 0):
 garbage-first heap   total 123904K, used 85094K [0x0000000080000000, 0x0000000100000000)
  region size 1024K, 12 young (12288K), 2 survivors (2048K)
 Metaspace       used 66946K, committed 68992K, reserved 1114112K
  class space    used 9462K, committed 10432K, reserved 1048576K
}
Event: 12.889 GC heap after
{Heap after GC invocations=24 (full 0):
 garbage-first heap   total 123904K, used 77672K [0x0000000080000000, 0x0000000100000000)
  region size 1024K, 3 young (3072K), 3 survivors (3072K)
 Metaspace       used 66946K, committed 68992K, reserved 1114112K
  class space    used 9462K, committed 10432K, reserved 1048576K
}
Event: 13.353 GC heap before
{Heap before GC invocations=25 (full 0):
 garbage-first heap   total 137216K, used 118632K [0x0000000080000000, 0x0000000100000000)
  region size 1024K, 39 young (39936K), 3 survivors (3072K)
 Metaspace       used 68762K, committed 70720K, reserved 1114112K
  class space    used 9720K, committed 10688K, reserved 1048576K
}
Event: 13.357 GC heap after
{Heap after GC invocations=26 (full 0):
 garbage-first heap   total 137216K, used 82051K [0x0000000080000000, 0x0000000100000000)
  region size 1024K, 5 young (5120K), 5 survivors (5120K)
 Metaspace       used 68762K, committed 70720K, reserved 1114112K
  class space    used 9720K, committed 10688K, reserved 1048576K
}
Event: 13.911 GC heap before
{Heap before GC invocations=26 (full 0):
 garbage-first heap   total 137216K, used 121987K [0x0000000080000000, 0x0000000100000000)
  region size 1024K, 44 young (45056K), 5 survivors (5120K)
 Metaspace       used 71974K, committed 73984K, reserved 1114112K
  class space    used 10129K, committed 11136K, reserved 1048576K
}
Event: 13.915 GC heap after
{Heap after GC invocations=27 (full 0):
 garbage-first heap   total 137216K, used 83621K [0x0000000080000000, 0x0000000100000000)
  region size 1024K, 3 young (3072K), 3 survivors (3072K)
 Metaspace       used 71974K, committed 73984K, reserved 1114112K
  class space    used 10129K, committed 11136K, reserved 1048576K
}
Event: 15.765 GC heap before
{Heap before GC invocations=27 (full 0):
 garbage-first heap   total 137216K, used 123557K [0x0000000080000000, 0x0000000100000000)
  region size 1024K, 42 young (43008K), 3 survivors (3072K)
 Metaspace       used 75982K, committed 78080K, reserved 1179648K
  class space    used 10682K, committed 11712K, reserved 1048576K
}
Event: 15.768 GC heap after
{Heap after GC invocations=28 (full 0):
 garbage-first heap   total 137216K, used 85267K [0x0000000080000000, 0x0000000100000000)
  region size 1024K, 4 young (4096K), 4 survivors (4096K)
 Metaspace       used 75982K, committed 78080K, reserved 1179648K
  class space    used 10682K, committed 11712K, reserved 1048576K
}
Event: 16.250 GC heap before
{Heap before GC invocations=29 (full 0):
 garbage-first heap   total 143360K, used 128275K [0x0000000080000000, 0x0000000100000000)
  region size 1024K, 43 young (44032K), 4 survivors (4096K)
 Metaspace       used 78551K, committed 80640K, reserved 1179648K
  class space    used 11062K, committed 12096K, reserved 1048576K
}
Event: 16.254 GC heap after
{Heap after GC invocations=30 (full 0):
 garbage-first heap   total 143360K, used 90374K [0x0000000080000000, 0x0000000100000000)
  region size 1024K, 4 young (4096K), 4 survivors (4096K)
 Metaspace       used 78551K, committed 80640K, reserved 1179648K
  class space    used 11062K, committed 12096K, reserved 1048576K
}
Event: 16.799 GC heap before
{Heap before GC invocations=30 (full 0):
 garbage-first heap   total 143360K, used 131334K [0x0000000080000000, 0x0000000100000000)
  region size 1024K, 44 young (45056K), 4 survivors (4096K)
 Metaspace       used 79222K, committed 81280K, reserved 1179648K
  class space    used 11147K, committed 12160K, reserved 1048576K
}
Event: 16.803 GC heap after
{Heap after GC invocations=31 (full 0):
 garbage-first heap   total 143360K, used 93846K [0x0000000080000000, 0x0000000100000000)
  region size 1024K, 6 young (6144K), 6 survivors (6144K)
 Metaspace       used 79222K, committed 81280K, reserved 1179648K
  class space    used 11147K, committed 12160K, reserved 1048576K
}

